Performing C++ SOURCE FILE Test CMAKE_HAVE_LIBC_PTHREAD failed with the following output:
Change Dir: /home/della/git/WindFlow-Kafka/build/CMakeFiles/CMakeTmp

Run Build Command(s):/usr/bin/gmake -f Makefile cmTC_281ab/fast && /usr/bin/gmake  -f CMakeFiles/cmTC_281ab.dir/build.make CMakeFiles/cmTC_281ab.dir/build
gmake[1]: Entering directory '/home/della/git/WindFlow-Kafka/build/CMakeFiles/CMakeTmp'
Building CXX object CMakeFiles/cmTC_281ab.dir/src.cxx.o
/usr/bin/c++ -DCMAKE_HAVE_LIBC_PTHREAD   -o CMakeFiles/cmTC_281ab.dir/src.cxx.o -c /home/della/git/WindFlow-Kafka/build/CMakeFiles/CMakeTmp/src.cxx
Linking CXX executable cmTC_281ab
/usr/bin/cmake -E cmake_link_script CMakeFiles/cmTC_281ab.dir/link.txt --verbose=1
/usr/bin/c++ CMakeFiles/cmTC_281ab.dir/src.cxx.o -o cmTC_281ab 
/usr/bin/ld: CMakeFiles/cmTC_281ab.dir/src.cxx.o: in function `main':
src.cxx:(.text+0x2d): undefined reference to `pthread_create'
/usr/bin/ld: src.cxx:(.text+0x39): undefined reference to `pthread_detach'
/usr/bin/ld: src.cxx:(.text+0x45): undefined reference to `pthread_cancel'
/usr/bin/ld: src.cxx:(.text+0x56): undefined reference to `pthread_join'
collect2: error: ld returned 1 exit status
gmake[1]: *** [CMakeFiles/cmTC_281ab.dir/build.make:99: cmTC_281ab] Error 1
gmake[1]: Leaving directory '/home/della/git/WindFlow-Kafka/build/CMakeFiles/CMakeTmp'
gmake: *** [Makefile:127: cmTC_281ab/fast] Error 2


Source file was:
#include <pthread.h>

static void* test_func(void* data)
{
  return data;
}

int main(void)
{
  pthread_t thread;
  pthread_create(&thread, NULL, test_func, NULL);
  pthread_detach(thread);
  pthread_cancel(thread);
  pthread_join(thread, NULL);
  pthread_atfork(NULL, NULL, NULL);
  pthread_exit(NULL);

  return 0;
}

Determining if the function pthread_create exists in the pthreads failed with the following output:
Change Dir: /home/della/git/WindFlow-Kafka/build/CMakeFiles/CMakeTmp

Run Build Command(s):/usr/bin/gmake -f Makefile cmTC_911fe/fast && /usr/bin/gmake  -f CMakeFiles/cmTC_911fe.dir/build.make CMakeFiles/cmTC_911fe.dir/build
gmake[1]: Entering directory '/home/della/git/WindFlow-Kafka/build/CMakeFiles/CMakeTmp'
Building CXX object CMakeFiles/cmTC_911fe.dir/CheckFunctionExists.cxx.o
/usr/bin/c++   -DCHECK_FUNCTION_EXISTS=pthread_create -o CMakeFiles/cmTC_911fe.dir/CheckFunctionExists.cxx.o -c /home/della/git/WindFlow-Kafka/build/CMakeFiles/CheckLibraryExists/CheckFunctionExists.cxx
Linking CXX executable cmTC_911fe
/usr/bin/cmake -E cmake_link_script CMakeFiles/cmTC_911fe.dir/link.txt --verbose=1
/usr/bin/c++  -DCHECK_FUNCTION_EXISTS=pthread_create CMakeFiles/cmTC_911fe.dir/CheckFunctionExists.cxx.o -o cmTC_911fe  -lpthreads 
/usr/bin/ld: cannot find -lpthreads
collect2: error: ld returned 1 exit status
gmake[1]: *** [CMakeFiles/cmTC_911fe.dir/build.make:99: cmTC_911fe] Error 1
gmake[1]: Leaving directory '/home/della/git/WindFlow-Kafka/build/CMakeFiles/CMakeTmp'
gmake: *** [Makefile:127: cmTC_911fe/fast] Error 2



Looking for a CUDA compiler failed with the following output:
CMake Error at /usr/share/cmake/Modules/CMakeDetermineCUDACompiler.cmake:174 (message):
  Failed to find nvcc.

  Compiler requires the CUDA toolkit.  Please set the CUDAToolkit_ROOT
  variable.
Call Stack (most recent call first):
  CMakeLists.txt:2 (project)


-- Configuring incomplete, errors occurred!
See also "/home/della/git/WindFlow-Kafka/build/tests/CMakeFiles/CheckCUDA/CMakeFiles/CMakeOutput.log".
See also "/home/della/git/WindFlow-Kafka/build/tests/CMakeFiles/CheckCUDA/CMakeFiles/CMakeError.log".

